0[0.9995]  1[0.0005]  0
0[0.9994]  1[0.0006]  0
0[1.0000]  1[0.0000]  0
0[1.0000]  1[0.0000]  0
0[0.0004]  1[0.9996]  1
0[0.9656]  1[0.0344]  0
0[1.0000]  1[0.0000]  0
0[0.9999]  1[0.0001]  0
0[0.9943]  1[0.0057]  0
0[0.0393]  1[0.9607]  1
0[0.9999]  1[0.0001]  0
0[1.0000]  1[0.0000]  0
0[0.9997]  1[0.0003]  0
0[0.0002]  1[0.9998]  1
0[0.9739]  1[0.0261]  0
0[0.9992]  1[0.0008]  0
0[1.0000]  1[0.0000]  0
0[0.9996]  1[0.0004]  0
0[0.0005]  1[0.9995]  1
0[1.0000]  1[0.0000]  0
0[0.4106]  1[0.5894]  1
