0[0.9998]  1[0.0002]  0
0[0.9994]  1[0.0006]  0
0[0.9890]  1[0.0110]  0
0[1.0000]  1[0.0000]  0
0[1.0000]  1[0.0000]  0
0[1.0000]  1[0.0000]  0
0[1.0000]  1[0.0000]  0
0[0.0237]  1[0.9763]  1
0[1.0000]  1[0.0000]  0
0[0.9999]  1[0.0001]  0
0[0.9990]  1[0.0010]  0
0[0.9999]  1[0.0001]  0
0[1.0000]  1[0.0000]  0
0[0.9999]  1[0.0001]  0
0[0.9999]  1[0.0001]  0
0[0.0009]  1[0.9991]  1
0[0.5898]  1[0.4102]  0
0[0.9983]  1[0.0017]  0
0[0.9964]  1[0.0036]  0
0[0.9999]  1[0.0001]  0
0[0.9999]  1[0.0001]  0
0[0.0000]  1[1.0000]  1
0[0.9990]  1[0.0010]  0
0[0.0557]  1[0.9443]  1
0[0.0014]  1[0.9986]  1
0[0.0228]  1[0.9772]  1
0[0.0073]  1[0.9927]  1
0[0.9986]  1[0.0014]  0
0[0.0797]  1[0.9203]  1
0[1.0000]  1[0.0000]  0
0[1.0000]  1[0.0000]  0
0[0.9999]  1[0.0001]  0
0[0.0181]  1[0.9819]  1
0[1.0000]  1[0.0000]  0
0[1.0000]  1[0.0000]  0
0[0.0046]  1[0.9954]  1
0[0.0207]  1[0.9793]  1
0[0.9989]  1[0.0011]  0
