0[1.0000]  1[0.0000]  0
0[0.1525]  1[0.8475]  1
0[0.9999]  1[0.0001]  0
0[0.9999]  1[0.0001]  0
0[0.0027]  1[0.9973]  1
0[0.9999]  1[0.0001]  0
0[0.9998]  1[0.0002]  0
0[0.0045]  1[0.9955]  1
0[1.0000]  1[0.0000]  0
0[0.9996]  1[0.0004]  0
0[0.9998]  1[0.0002]  0
0[0.9996]  1[0.0004]  0
0[0.9999]  1[0.0001]  0
0[0.9993]  1[0.0007]  0
0[0.0002]  1[0.9998]  1
0[0.0010]  1[0.9990]  1
0[0.9999]  1[0.0001]  0
0[0.9984]  1[0.0016]  0
0[0.9999]  1[0.0001]  0
0[1.0000]  1[0.0000]  0
0[0.4585]  1[0.5415]  1
0[0.0078]  1[0.9922]  1
0[0.9999]  1[0.0001]  0
0[0.8536]  1[0.1464]  0
0[1.0000]  1[0.0000]  0
0[0.0211]  1[0.9789]  1
0[0.9999]  1[0.0001]  0
0[0.0002]  1[0.9998]  1
0[1.0000]  1[0.0000]  0
0[0.0027]  1[0.9973]  1
0[0.0552]  1[0.9448]  1
0[0.0170]  1[0.9830]  1
0[0.9995]  1[0.0005]  0
0[0.9999]  1[0.0001]  0
0[0.9998]  1[0.0002]  0
0[0.3303]  1[0.6697]  1
0[0.0004]  1[0.9996]  1
0[0.9999]  1[0.0001]  0
0[0.9999]  1[0.0001]  0
0[0.0173]  1[0.9827]  1
0[0.9879]  1[0.0121]  0
0[1.0000]  1[0.0000]  0
0[0.9995]  1[0.0005]  0
0[0.9977]  1[0.0023]  0
0[0.0438]  1[0.9562]  1
0[0.9956]  1[0.0044]  0
0[1.0000]  1[0.0000]  0
0[1.0000]  1[0.0000]  0
0[0.0211]  1[0.9789]  1
0[0.9992]  1[0.0008]  0
0[0.0025]  1[0.9975]  1
0[0.9999]  1[0.0001]  0
0[0.9897]  1[0.0103]  0
0[0.9996]  1[0.0004]  0
0[0.0230]  1[0.9770]  1
0[0.0117]  1[0.9883]  1
0[0.9928]  1[0.0072]  0
0[0.9995]  1[0.0005]  0
0[0.9996]  1[0.0004]  0
0[0.9992]  1[0.0008]  0
0[0.9996]  1[0.0004]  0
0[1.0000]  1[0.0000]  0
0[0.9995]  1[0.0005]  0
0[1.0000]  1[0.0000]  0
0[0.0316]  1[0.9684]  1
