0[0.9971]  1[0.0029]  0
0[0.0229]  1[0.9771]  1
0[0.0315]  1[0.9685]  1
0[0.9985]  1[0.0015]  0
0[0.9999]  1[0.0001]  0
0[0.9908]  1[0.0092]  0
0[1.0000]  1[0.0000]  0
0[0.9968]  1[0.0032]  0
0[0.0720]  1[0.9280]  1
0[0.9804]  1[0.0196]  0
0[0.9950]  1[0.0050]  0
0[0.0215]  1[0.9785]  1
0[0.9999]  1[0.0001]  0
0[0.9999]  1[0.0001]  0
0[0.9999]  1[0.0001]  0
0[1.0000]  1[0.0000]  0
0[0.0044]  1[0.9956]  1
0[0.0004]  1[0.9996]  1
0[0.0084]  1[0.9916]  1
0[0.9987]  1[0.0013]  0
0[1.0000]  1[0.0000]  0
0[0.1206]  1[0.8794]  1
0[0.9990]  1[0.0010]  0
0[0.9995]  1[0.0005]  0
0[0.9861]  1[0.0139]  0
0[0.0903]  1[0.9097]  1
0[0.9969]  1[0.0031]  0
0[1.0000]  1[0.0000]  0
0[0.0316]  1[0.9684]  1
0[1.0000]  1[0.0000]  0
0[0.1193]  1[0.8807]  1
0[0.9999]  1[0.0001]  0
0[0.0003]  1[0.9997]  1
0[1.0000]  1[0.0000]  0
0[0.0002]  1[0.9998]  1
0[1.0000]  1[0.0000]  0
0[0.8689]  1[0.1311]  0
0[0.7642]  1[0.2358]  0
0[0.8796]  1[0.1204]  0
0[0.9999]  1[0.0001]  0
0[0.9999]  1[0.0001]  0
0[0.0801]  1[0.9199]  1
0[0.9912]  1[0.0088]  0
0[0.0516]  1[0.9484]  1
0[0.9999]  1[0.0001]  0
0[0.0055]  1[0.9945]  1
0[0.9989]  1[0.0011]  0
