0[1.0000]  1[0.0000]  0
0[0.9981]  1[0.0019]  0
0[0.0467]  1[0.9533]  1
0[0.0002]  1[0.9998]  1
0[0.9838]  1[0.0162]  0
0[0.9999]  1[0.0001]  0
0[0.0091]  1[0.9909]  1
0[0.9985]  1[0.0015]  0
0[0.9990]  1[0.0010]  0
0[0.0008]  1[0.9992]  1
0[0.9990]  1[0.0010]  0
0[0.9999]  1[0.0001]  0
0[0.1033]  1[0.8967]  1
0[0.9987]  1[0.0013]  0
0[0.9999]  1[0.0001]  0
0[0.0008]  1[0.9992]  1
0[0.0245]  1[0.9755]  1
0[0.9989]  1[0.0011]  0
0[0.9988]  1[0.0012]  0
0[0.2681]  1[0.7319]  1
0[0.9997]  1[0.0003]  0
0[0.0073]  1[0.9927]  1
0[0.0031]  1[0.9969]  1
0[1.0000]  1[0.0000]  0
0[0.9869]  1[0.0131]  0
0[0.9853]  1[0.0147]  0
0[0.9997]  1[0.0003]  0
0[0.9999]  1[0.0001]  0
0[0.9998]  1[0.0002]  0
0[0.9681]  1[0.0319]  0
0[1.0000]  1[0.0000]  0
0[0.9942]  1[0.0058]  0
0[0.0073]  1[0.9927]  1
0[0.0126]  1[0.9874]  1
0[0.9995]  1[0.0005]  0
0[0.0180]  1[0.9820]  1
0[0.6658]  1[0.3342]  0
0[0.0107]  1[0.9893]  1
0[0.0445]  1[0.9555]  1
0[0.0534]  1[0.9466]  1
0[0.9999]  1[0.0001]  0
0[0.9991]  1[0.0009]  0
0[0.0002]  1[0.9998]  1
0[1.0000]  1[0.0000]  0
0[0.9986]  1[0.0014]  0
0[0.0411]  1[0.9589]  1
0[1.0000]  1[0.0000]  0
0[0.9855]  1[0.0145]  0
0[0.0312]  1[0.9688]  1
0[0.9995]  1[0.0005]  0
0[0.9779]  1[0.0221]  0
0[0.0210]  1[0.9790]  1
0[0.0209]  1[0.9791]  1
0[0.0550]  1[0.9450]  1
0[0.8938]  1[0.1062]  0
0[0.9979]  1[0.0021]  0
0[1.0000]  1[0.0000]  0
0[0.4174]  1[0.5826]  1
0[1.0000]  1[0.0000]  0
0[0.9984]  1[0.0016]  0
0[1.0000]  1[0.0000]  0
0[0.9999]  1[0.0001]  0
0[1.0000]  1[0.0000]  0
0[0.5896]  1[0.4104]  0
0[0.0030]  1[0.9970]  1
0[0.2028]  1[0.7972]  1
0[0.9968]  1[0.0032]  0
0[0.9985]  1[0.0015]  0
0[0.9999]  1[0.0001]  0
0[0.0822]  1[0.9178]  1
0[0.2495]  1[0.7505]  1
0[0.9926]  1[0.0074]  0
0[0.9988]  1[0.0012]  0
0[0.0078]  1[0.9922]  1
0[0.0427]  1[0.9573]  1
0[0.9998]  1[0.0002]  0
0[0.9986]  1[0.0014]  0
