0[0.0030]  1[0.9970]  1
0[0.9801]  1[0.0199]  0
0[0.1680]  1[0.8320]  1
0[0.0000]  1[1.0000]  1
0[0.9997]  1[0.0003]  0
0[0.9986]  1[0.0014]  0
0[0.9956]  1[0.0044]  0
0[0.9999]  1[0.0001]  0
0[0.0010]  1[0.9990]  1
0[0.9919]  1[0.0081]  0
0[0.0766]  1[0.9234]  1
0[0.0021]  1[0.9979]  1
0[0.0039]  1[0.9961]  1
0[0.0024]  1[0.9976]  1
0[0.9876]  1[0.0124]  0
0[0.2176]  1[0.7824]  1
0[0.0003]  1[0.9997]  1
0[0.9997]  1[0.0003]  0
0[0.0764]  1[0.9236]  1
0[0.0838]  1[0.9162]  1
0[0.9199]  1[0.0801]  0
0[0.0119]  1[0.9881]  1
0[0.0127]  1[0.9873]  1
0[0.9942]  1[0.0058]  0
0[1.0000]  1[0.0000]  0
0[1.0000]  1[0.0000]  0
0[0.0119]  1[0.9881]  1
0[0.0406]  1[0.9594]  1
0[0.9998]  1[0.0002]  0
0[0.0008]  1[0.9992]  1
0[1.0000]  1[0.0000]  0
0[0.9773]  1[0.0227]  0
0[0.0005]  1[0.9995]  1
0[0.9524]  1[0.0476]  0
0[0.0396]  1[0.9604]  1
0[0.9996]  1[0.0004]  0
0[0.0319]  1[0.9681]  1
0[0.9966]  1[0.0034]  0
0[0.9938]  1[0.0062]  0
0[0.9847]  1[0.0153]  0
0[0.0437]  1[0.9563]  1
0[0.0445]  1[0.9555]  1
0[0.1799]  1[0.8201]  1
0[0.0045]  1[0.9955]  1
0[0.0028]  1[0.9972]  1
0[0.9645]  1[0.0355]  0
0[0.9854]  1[0.0146]  0
0[0.9842]  1[0.0158]  0
0[0.0000]  1[1.0000]  1
0[0.1160]  1[0.8840]  1
0[0.0022]  1[0.9978]  1
0[0.9979]  1[0.0021]  0
0[0.0003]  1[0.9997]  1
0[0.9956]  1[0.0044]  0
0[0.0044]  1[0.9956]  1
0[0.8476]  1[0.1524]  0
0[0.9989]  1[0.0011]  0
0[0.0020]  1[0.9980]  1
0[0.9748]  1[0.0252]  0
