0[1.0000]  1[0.0000]  0
0[0.9969]  1[0.0031]  0
0[0.7074]  1[0.2926]  0
0[0.7309]  1[0.2691]  0
0[1.0000]  1[0.0000]  0
0[0.0161]  1[0.9839]  1
0[0.0141]  1[0.9859]  1
0[0.9975]  1[0.0025]  0
0[0.9999]  1[0.0001]  0
0[0.9967]  1[0.0033]  0
0[1.0000]  1[0.0000]  0
0[0.9996]  1[0.0004]  0
0[0.9996]  1[0.0004]  0
0[0.0003]  1[0.9997]  1
0[0.9993]  1[0.0007]  0
0[0.0393]  1[0.9607]  1
0[0.9971]  1[0.0029]  0
0[1.0000]  1[0.0000]  0
0[0.9772]  1[0.0228]  0
0[0.9996]  1[0.0004]  0
0[0.0161]  1[0.9839]  1
0[0.0927]  1[0.9073]  1
0[0.0046]  1[0.9954]  1
0[0.0045]  1[0.9955]  1
0[0.9999]  1[0.0001]  0
0[1.0000]  1[0.0000]  0
0[0.1246]  1[0.8754]  1
0[0.9968]  1[0.0032]  0
0[0.0095]  1[0.9905]  1
0[0.9999]  1[0.0001]  0
0[0.9999]  1[0.0001]  0
0[0.0177]  1[0.9823]  1
0[0.9991]  1[0.0009]  0
0[1.0000]  1[0.0000]  0
