0[0.9881]  1[0.0119]  0
0[0.9965]  1[0.0035]  0
0[0.0009]  1[0.9991]  1
0[0.9997]  1[0.0003]  0
0[0.9976]  1[0.0024]  0
0[0.9859]  1[0.0141]  0
0[0.9991]  1[0.0009]  0
0[0.9982]  1[0.0018]  0
0[0.0002]  1[0.9998]  1
0[1.0000]  1[0.0000]  0
0[0.9595]  1[0.0405]  0
0[0.9996]  1[0.0004]  0
0[0.9672]  1[0.0328]  0
0[0.9999]  1[0.0001]  0
0[0.0077]  1[0.9923]  1
0[0.9995]  1[0.0005]  0
0[0.9999]  1[0.0001]  0
0[0.9999]  1[0.0001]  0
0[1.0000]  1[0.0000]  0
0[0.9890]  1[0.0110]  0
0[0.9995]  1[0.0005]  0
0[0.0166]  1[0.9834]  1
0[0.0129]  1[0.9871]  1
0[0.0081]  1[0.9919]  1
0[0.1941]  1[0.8059]  1
0[0.9983]  1[0.0017]  0
0[0.0172]  1[0.9828]  1
0[0.0242]  1[0.9758]  1
0[0.9999]  1[0.0001]  0
0[0.9999]  1[0.0001]  0
0[0.9999]  1[0.0001]  0
0[0.9897]  1[0.0103]  0
0[0.9975]  1[0.0025]  0
0[0.9837]  1[0.0163]  0
0[0.9995]  1[0.0005]  0
0[1.0000]  1[0.0000]  0
0[0.9900]  1[0.0100]  0
0[0.0066]  1[0.9934]  1
0[1.0000]  1[0.0000]  0
0[0.0165]  1[0.9835]  1
0[1.0000]  1[0.0000]  0
0[0.6688]  1[0.3312]  0
0[0.9950]  1[0.0050]  0
0[1.0000]  1[0.0000]  0
0[0.9981]  1[0.0019]  0
0[0.9657]  1[0.0343]  0
0[0.9957]  1[0.0043]  0
0[0.9998]  1[0.0002]  0
0[0.9995]  1[0.0005]  0
0[0.3809]  1[0.6191]  1
0[0.4230]  1[0.5770]  1
0[1.0000]  1[0.0000]  0
0[0.0009]  1[0.9991]  1
0[0.0078]  1[0.9922]  1
0[0.9996]  1[0.0004]  0
0[0.1143]  1[0.8857]  1
0[1.0000]  1[0.0000]  0
0[0.9514]  1[0.0486]  0
0[0.9985]  1[0.0015]  0
0[0.9999]  1[0.0001]  0
0[0.0102]  1[0.9898]  1
0[0.9994]  1[0.0006]  0
0[0.5485]  1[0.4515]  0
0[0.0004]  1[0.9996]  1
0[0.9995]  1[0.0005]  0
0[0.0055]  1[0.9945]  1
0[0.0106]  1[0.9894]  1
0[0.0151]  1[0.9849]  1
0[0.9996]  1[0.0004]  0
0[1.0000]  1[0.0000]  0
0[0.7418]  1[0.2582]  0
0[1.0000]  1[0.0000]  0
0[1.0000]  1[0.0000]  0
0[0.0384]  1[0.9616]  1
0[0.9908]  1[0.0092]  0
0[0.6406]  1[0.3594]  0
0[1.0000]  1[0.0000]  0
0[0.9994]  1[0.0006]  0
0[0.9999]  1[0.0001]  0
