0[1.0000]  1[0.0000]  0
0[0.0046]  1[0.9954]  1
0[1.0000]  1[0.0000]  0
0[0.9997]  1[0.0003]  0
0[0.0021]  1[0.9979]  1
0[0.9658]  1[0.0342]  0
0[1.0000]  1[0.0000]  0
0[0.0014]  1[0.9986]  1
0[1.0000]  1[0.0000]  0
0[0.0005]  1[0.9995]  1
0[0.6177]  1[0.3823]  0
0[0.1313]  1[0.8687]  1
0[0.9999]  1[0.0001]  0
0[0.9974]  1[0.0026]  0
0[1.0000]  1[0.0000]  0
0[0.9999]  1[0.0001]  0
0[0.9999]  1[0.0001]  0
0[0.0000]  1[1.0000]  1
0[0.9980]  1[0.0020]  0
0[0.9999]  1[0.0001]  0
0[0.0008]  1[0.9992]  1
0[1.0000]  1[0.0000]  0
0[1.0000]  1[0.0000]  0
0[0.0296]  1[0.9704]  1
0[0.9998]  1[0.0002]  0
0[0.0541]  1[0.9459]  1
0[0.0019]  1[0.9981]  1
0[0.9999]  1[0.0001]  0
0[0.0013]  1[0.9987]  1
0[0.6175]  1[0.3825]  0
0[0.9995]  1[0.0005]  0
0[0.9998]  1[0.0002]  0
0[1.0000]  1[0.0000]  0
0[1.0000]  1[0.0000]  0
0[0.1056]  1[0.8944]  1
0[0.0002]  1[0.9998]  1
0[1.0000]  1[0.0000]  0
0[0.9997]  1[0.0003]  0
0[0.9999]  1[0.0001]  0
0[0.9314]  1[0.0686]  0
0[0.3721]  1[0.6279]  1
0[0.9999]  1[0.0001]  0
0[0.0004]  1[0.9996]  1
0[0.9999]  1[0.0001]  0
0[0.4897]  1[0.5103]  1
0[0.2570]  1[0.7430]  1
0[0.0107]  1[0.9893]  1
0[0.9999]  1[0.0001]  0
0[0.9965]  1[0.0035]  0
0[0.9996]  1[0.0004]  0
0[0.9992]  1[0.0008]  0
0[0.0120]  1[0.9880]  1
0[0.9999]  1[0.0001]  0
0[0.9999]  1[0.0001]  0
0[0.0028]  1[0.9972]  1
0[0.3583]  1[0.6417]  1
0[1.0000]  1[0.0000]  0
0[0.9999]  1[0.0001]  0
0[0.9964]  1[0.0036]  0
0[0.9997]  1[0.0003]  0
0[0.9998]  1[0.0002]  0
0[1.0000]  1[0.0000]  0
0[0.9999]  1[0.0001]  0
0[0.9537]  1[0.0463]  0
0[0.6331]  1[0.3669]  0
0[0.9998]  1[0.0002]  0
0[0.0002]  1[0.9998]  1
0[0.0081]  1[0.9919]  1
0[0.0004]  1[0.9996]  1
