0[0.9986]  1[0.0014]  0
0[0.9999]  1[0.0001]  0
0[0.0185]  1[0.9815]  1
0[0.0115]  1[0.9885]  1
0[0.9999]  1[0.0001]  0
0[0.9998]  1[0.0002]  0
0[0.9885]  1[0.0115]  0
0[0.9949]  1[0.0051]  0
0[0.2505]  1[0.7495]  1
0[0.0489]  1[0.9511]  1
0[0.9996]  1[0.0004]  0
0[0.8916]  1[0.1084]  0
0[0.9994]  1[0.0006]  0
0[1.0000]  1[0.0000]  0
0[1.0000]  1[0.0000]  0
0[0.7831]  1[0.2169]  0
0[0.9999]  1[0.0001]  0
0[1.0000]  1[0.0000]  0
0[1.0000]  1[0.0000]  0
0[0.9992]  1[0.0008]  0
0[0.0045]  1[0.9955]  1
0[0.0224]  1[0.9776]  1
0[1.0000]  1[0.0000]  0
0[0.9996]  1[0.0004]  0
0[0.0050]  1[0.9950]  1
0[0.0134]  1[0.9866]  1
0[1.0000]  1[0.0000]  0
0[0.9998]  1[0.0002]  0
0[1.0000]  1[0.0000]  0
0[1.0000]  1[0.0000]  0
0[0.0095]  1[0.9905]  1
0[0.9999]  1[0.0001]  0
0[0.0051]  1[0.9949]  1
0[1.0000]  1[0.0000]  0
0[1.0000]  1[0.0000]  0
0[0.9893]  1[0.0107]  0
0[1.0000]  1[0.0000]  0
0[0.0002]  1[0.9998]  1
0[0.9991]  1[0.0009]  0
0[0.0003]  1[0.9997]  1
0[0.9999]  1[0.0001]  0
0[0.9950]  1[0.0050]  0
0[0.9516]  1[0.0484]  0
0[1.0000]  1[0.0000]  0
0[0.0084]  1[0.9916]  1
0[0.9977]  1[0.0023]  0
0[1.0000]  1[0.0000]  0
0[0.9996]  1[0.0004]  0
0[1.0000]  1[0.0000]  0
0[1.0000]  1[0.0000]  0
0[0.9999]  1[0.0001]  0
0[1.0000]  1[0.0000]  0
0[0.0066]  1[0.9934]  1
0[0.0071]  1[0.9929]  1
0[0.0002]  1[0.9998]  1
0[1.0000]  1[0.0000]  0
0[1.0000]  1[0.0000]  0
0[0.9949]  1[0.0051]  0
0[0.6423]  1[0.3577]  0
0[0.9999]  1[0.0001]  0
