0[0.7227]  1[0.2773]  0
0[0.9716]  1[0.0284]  0
0[0.0061]  1[0.9939]  1
0[0.9977]  1[0.0023]  0
0[0.0008]  1[0.9992]  1
0[0.9815]  1[0.0185]  0
0[0.9974]  1[0.0026]  0
0[0.9999]  1[0.0001]  0
0[1.0000]  1[0.0000]  0
0[0.9953]  1[0.0047]  0
0[0.0127]  1[0.9873]  1
0[0.0181]  1[0.9819]  1
0[0.9840]  1[0.0160]  0
0[0.7920]  1[0.2080]  0
0[0.0004]  1[0.9996]  1
0[0.9980]  1[0.0020]  0
0[0.1101]  1[0.8899]  1
0[0.9999]  1[0.0001]  0
0[1.0000]  1[0.0000]  0
0[1.0000]  1[0.0000]  0
0[0.9832]  1[0.0168]  0
0[0.9999]  1[0.0001]  0
0[0.9923]  1[0.0077]  0
0[0.9999]  1[0.0001]  0
0[0.9740]  1[0.0260]  0
0[0.9999]  1[0.0001]  0
0[0.0010]  1[0.9990]  1
0[0.0004]  1[0.9996]  1
0[0.9973]  1[0.0027]  0
0[0.0063]  1[0.9937]  1
0[0.9765]  1[0.0235]  0
0[0.9992]  1[0.0008]  0
0[0.9999]  1[0.0001]  0
0[0.0068]  1[0.9932]  1
0[0.9996]  1[0.0004]  0
0[1.0000]  1[0.0000]  0
0[0.0094]  1[0.9906]  1
0[0.0089]  1[0.9911]  1
0[1.0000]  1[0.0000]  0
0[0.9996]  1[0.0004]  0
0[0.9999]  1[0.0001]  0
0[0.0795]  1[0.9205]  1
0[0.0002]  1[0.9998]  1
0[1.0000]  1[0.0000]  0
0[0.0045]  1[0.9955]  1
0[1.0000]  1[0.0000]  0
0[0.0327]  1[0.9673]  1
0[0.9987]  1[0.0013]  0
0[0.0001]  1[0.9999]  1
0[0.9999]  1[0.0001]  0
0[0.0049]  1[0.9951]  1
0[0.7426]  1[0.2574]  0
0[0.9943]  1[0.0057]  0
0[1.0000]  1[0.0000]  0
0[0.0049]  1[0.9951]  1
0[0.9997]  1[0.0003]  0
0[0.9999]  1[0.0001]  0
0[0.0000]  1[1.0000]  1
0[0.9982]  1[0.0018]  0
0[0.0107]  1[0.9893]  1
0[0.9945]  1[0.0055]  0
0[0.0004]  1[0.9996]  1
0[0.0864]  1[0.9136]  1
0[0.6835]  1[0.3165]  0
0[0.9995]  1[0.0005]  0
0[0.9999]  1[0.0001]  0
