0[0.9383]  1[0.0617]  0
0[0.0133]  1[0.9867]  1
0[0.0904]  1[0.9096]  1
0[1.0000]  1[0.0000]  0
0[1.0000]  1[0.0000]  0
0[0.2495]  1[0.7505]  1
0[0.0948]  1[0.9052]  1
0[0.0027]  1[0.9973]  1
0[0.0061]  1[0.9939]  1
0[0.9968]  1[0.0032]  0
0[0.8033]  1[0.1967]  0
0[0.4187]  1[0.5813]  1
0[0.9956]  1[0.0044]  0
0[0.9577]  1[0.0423]  0
0[0.0003]  1[0.9997]  1
0[0.9984]  1[0.0016]  0
0[0.0017]  1[0.9983]  1
0[0.9995]  1[0.0005]  0
0[0.9034]  1[0.0966]  0
0[0.0003]  1[0.9997]  1
0[1.0000]  1[0.0000]  0
0[1.0000]  1[0.0000]  0
0[1.0000]  1[0.0000]  0
0[0.6499]  1[0.3501]  0
0[0.0647]  1[0.9353]  1
0[1.0000]  1[0.0000]  0
0[0.4585]  1[0.5415]  1
0[0.9880]  1[0.0120]  0
0[0.1930]  1[0.8070]  1
0[0.8702]  1[0.1298]  0
0[1.0000]  1[0.0000]  0
0[0.0050]  1[0.9950]  1
0[0.6712]  1[0.3288]  0
0[0.0517]  1[0.9483]  1
0[0.0022]  1[0.9978]  1
0[1.0000]  1[0.0000]  0
0[1.0000]  1[0.0000]  0
0[0.0003]  1[0.9997]  1
0[0.9060]  1[0.0940]  0
0[0.4480]  1[0.5520]  1
0[0.0112]  1[0.9888]  1
0[0.9995]  1[0.0005]  0
0[0.9999]  1[0.0001]  0
0[0.9994]  1[0.0006]  0
0[0.0411]  1[0.9589]  1
0[0.9979]  1[0.0021]  0
0[0.9998]  1[0.0002]  0
0[0.1746]  1[0.8254]  1
0[0.0032]  1[0.9968]  1
0[1.0000]  1[0.0000]  0
0[1.0000]  1[0.0000]  0
0[0.0090]  1[0.9910]  1
0[1.0000]  1[0.0000]  0
0[0.0411]  1[0.9589]  1
0[0.0080]  1[0.9920]  1
0[0.0000]  1[1.0000]  1
0[0.0467]  1[0.9533]  1
0[0.0084]  1[0.9916]  1
0[0.0525]  1[0.9475]  1
0[1.0000]  1[0.0000]  0
0[0.0629]  1[0.9371]  1
0[1.0000]  1[0.0000]  0
0[1.0000]  1[0.0000]  0
0[0.0467]  1[0.9533]  1
0[0.9978]  1[0.0022]  0
0[1.0000]  1[0.0000]  0
0[0.9837]  1[0.0163]  0
0[0.0133]  1[0.9867]  1
