0[0.0123]  1[0.9877]  1
0[0.9999]  1[0.0001]  0
0[0.0562]  1[0.9438]  1
0[0.1335]  1[0.8665]  1
0[0.6097]  1[0.3903]  0
0[1.0000]  1[0.0000]  0
0[0.9996]  1[0.0004]  0
0[0.9961]  1[0.0039]  0
0[0.9989]  1[0.0011]  0
0[0.9964]  1[0.0036]  0
0[0.9963]  1[0.0037]  0
0[0.9996]  1[0.0004]  0
0[1.0000]  1[0.0000]  0
0[1.0000]  1[0.0000]  0
0[0.9954]  1[0.0046]  0
0[0.9996]  1[0.0004]  0
0[0.9165]  1[0.0835]  0
0[0.6764]  1[0.3236]  0
0[1.0000]  1[0.0000]  0
0[0.0208]  1[0.9792]  1
0[0.9993]  1[0.0007]  0
0[0.9999]  1[0.0001]  0
0[0.9999]  1[0.0001]  0
0[0.9984]  1[0.0016]  0
0[0.9999]  1[0.0001]  0
0[0.0001]  1[0.9999]  1
0[0.0127]  1[0.9873]  1
0[0.0179]  1[0.9821]  1
0[0.0271]  1[0.9729]  1
