0[0.0062]  1[0.9938]  1
0[1.0000]  1[0.0000]  0
0[0.9982]  1[0.0018]  0
0[0.5416]  1[0.4584]  0
0[0.9999]  1[0.0001]  0
0[0.9983]  1[0.0017]  0
0[0.0004]  1[0.9996]  1
0[1.0000]  1[0.0000]  0
0[0.0030]  1[0.9970]  1
0[0.2492]  1[0.7508]  1
0[0.9998]  1[0.0002]  0
0[0.9994]  1[0.0006]  0
0[0.3089]  1[0.6911]  1
0[1.0000]  1[0.0000]  0
0[0.9995]  1[0.0005]  0
0[0.9961]  1[0.0039]  0
0[0.0129]  1[0.9871]  1
0[0.9974]  1[0.0026]  0
0[0.1606]  1[0.8394]  1
0[0.9999]  1[0.0001]  0
0[0.9995]  1[0.0005]  0
0[0.9996]  1[0.0004]  0
0[0.0229]  1[0.9771]  1
0[0.9985]  1[0.0015]  0
0[0.8914]  1[0.1086]  0
0[0.9954]  1[0.0046]  0
0[0.0008]  1[0.9992]  1
0[0.9998]  1[0.0002]  0
0[0.9988]  1[0.0012]  0
0[0.0002]  1[0.9998]  1
0[0.0112]  1[0.9888]  1
0[0.9978]  1[0.0022]  0
0[0.0024]  1[0.9976]  1
0[1.0000]  1[0.0000]  0
0[0.0534]  1[0.9466]  1
0[0.1804]  1[0.8196]  1
0[0.9999]  1[0.0001]  0
0[0.9999]  1[0.0001]  0
0[0.0327]  1[0.9673]  1
0[0.0548]  1[0.9452]  1
0[0.9999]  1[0.0001]  0
0[0.9175]  1[0.0825]  0
0[0.9999]  1[0.0001]  0
0[0.9995]  1[0.0005]  0
0[0.0013]  1[0.9987]  1
0[0.2930]  1[0.7070]  1
0[0.9935]  1[0.0065]  0
0[0.9983]  1[0.0017]  0
0[0.9297]  1[0.0703]  0
0[0.9996]  1[0.0004]  0
0[1.0000]  1[0.0000]  0
0[1.0000]  1[0.0000]  0
0[0.0929]  1[0.9071]  1
0[0.0152]  1[0.9848]  1
0[0.0008]  1[0.9992]  1
0[0.9790]  1[0.0210]  0
0[0.0027]  1[0.9973]  1
0[0.9999]  1[0.0001]  0
0[0.9829]  1[0.0171]  0
0[0.0005]  1[0.9995]  1
0[0.9556]  1[0.0444]  0
0[1.0000]  1[0.0000]  0
0[0.0004]  1[0.9996]  1
0[1.0000]  1[0.0000]  0
0[0.9999]  1[0.0001]  0
0[0.9999]  1[0.0001]  0
0[0.0329]  1[0.9671]  1
0[0.9963]  1[0.0037]  0
0[1.0000]  1[0.0000]  0
0[1.0000]  1[0.0000]  0
0[0.9998]  1[0.0002]  0
0[1.0000]  1[0.0000]  0
0[0.0464]  1[0.9536]  1
0[0.9996]  1[0.0004]  0
0[0.9998]  1[0.0002]  0
0[0.0008]  1[0.9992]  1
0[0.9765]  1[0.0235]  0
0[0.0001]  1[0.9999]  1
0[0.1521]  1[0.8479]  1
