0[0.9999]  1[0.0001]  0
0[0.0138]  1[0.9862]  1
0[1.0000]  1[0.0000]  0
0[0.9999]  1[0.0001]  0
0[0.9980]  1[0.0020]  0
0[0.9953]  1[0.0047]  0
0[1.0000]  1[0.0000]  0
0[1.0000]  1[0.0000]  0
0[0.9996]  1[0.0004]  0
0[0.0002]  1[0.9998]  1
0[0.9996]  1[0.0004]  0
0[0.8065]  1[0.1935]  0
0[1.0000]  1[0.0000]  0
0[0.9999]  1[0.0001]  0
0[1.0000]  1[0.0000]  0
0[1.0000]  1[0.0000]  0
0[1.0000]  1[0.0000]  0
0[0.9999]  1[0.0001]  0
0[0.0002]  1[0.9998]  1
0[0.9972]  1[0.0028]  0
0[0.0038]  1[0.9962]  1
0[0.9942]  1[0.0058]  0
0[0.9932]  1[0.0068]  0
0[0.0043]  1[0.9957]  1
0[0.9963]  1[0.0037]  0
0[0.0075]  1[0.9925]  1
0[0.9993]  1[0.0007]  0
0[1.0000]  1[0.0000]  0
0[0.0020]  1[0.9980]  1
0[1.0000]  1[0.0000]  0
0[1.0000]  1[0.0000]  0
0[0.9996]  1[0.0004]  0
0[0.0002]  1[0.9998]  1
0[0.9999]  1[0.0001]  0
0[0.9994]  1[0.0006]  0
0[1.0000]  1[0.0000]  0
0[0.0001]  1[0.9999]  1
0[0.9999]  1[0.0001]  0
0[0.9999]  1[0.0001]  0
0[0.9999]  1[0.0001]  0
0[1.0000]  1[0.0000]  0
0[0.8045]  1[0.1955]  0
0[0.0022]  1[0.9978]  1
0[0.0000]  1[1.0000]  1
