0[1.0000]  1[0.0000]  0
0[0.9999]  1[0.0001]  0
0[1.0000]  1[0.0000]  0
0[0.9997]  1[0.0003]  0
0[0.9793]  1[0.0207]  0
0[1.0000]  1[0.0000]  0
0[1.0000]  1[0.0000]  0
0[0.0002]  1[0.9998]  1
0[0.0175]  1[0.9825]  1
0[1.0000]  1[0.0000]  0
0[1.0000]  1[0.0000]  0
0[0.9938]  1[0.0062]  0
0[0.9999]  1[0.0001]  0
0[0.9872]  1[0.0128]  0
0[0.0027]  1[0.9973]  1
0[0.9163]  1[0.0837]  0
0[0.9998]  1[0.0002]  0
0[0.9810]  1[0.0190]  0
0[1.0000]  1[0.0000]  0
0[0.1417]  1[0.8583]  1
0[0.0017]  1[0.9983]  1
0[0.9999]  1[0.0001]  0
0[0.0161]  1[0.9839]  1
0[0.9995]  1[0.0005]  0
