0[1.0000]  1[0.0000]  0
0[0.9999]  1[0.0001]  0
0[1.0000]  1[0.0000]  0
0[0.9965]  1[0.0035]  0
0[0.0002]  1[0.9998]  1
0[1.0000]  1[0.0000]  0
0[0.9997]  1[0.0003]  0
0[0.0286]  1[0.9714]  1
0[0.9987]  1[0.0013]  0
0[0.9996]  1[0.0004]  0
0[0.9995]  1[0.0005]  0
0[0.0156]  1[0.9844]  1
0[1.0000]  1[0.0000]  0
0[1.0000]  1[0.0000]  0
0[0.9995]  1[0.0005]  0
0[0.9864]  1[0.0136]  0
0[0.0139]  1[0.9861]  1
0[1.0000]  1[0.0000]  0
0[0.0031]  1[0.9969]  1
0[1.0000]  1[0.0000]  0
0[0.9985]  1[0.0015]  0
0[1.0000]  1[0.0000]  0
0[0.9999]  1[0.0001]  0
0[1.0000]  1[0.0000]  0
0[0.9983]  1[0.0017]  0
0[1.0000]  1[0.0000]  0
0[0.9998]  1[0.0002]  0
0[0.9999]  1[0.0001]  0
0[0.9987]  1[0.0013]  0
0[0.2386]  1[0.7614]  1
0[1.0000]  1[0.0000]  0
0[1.0000]  1[0.0000]  0
0[1.0000]  1[0.0000]  0
0[0.5108]  1[0.4892]  0
