0[0.4179]  1[0.5821]  1
0[0.9974]  1[0.0026]  0
0[0.9909]  1[0.0091]  0
0[0.2784]  1[0.7216]  1
0[0.9973]  1[0.0027]  0
0[0.0227]  1[0.9773]  1
0[1.0000]  1[0.0000]  0
0[0.9989]  1[0.0011]  0
0[0.0408]  1[0.9592]  1
0[0.9971]  1[0.0029]  0
0[0.9974]  1[0.0026]  0
0[0.9978]  1[0.0022]  0
0[0.0107]  1[0.9893]  1
0[0.9996]  1[0.0004]  0
0[0.0073]  1[0.9927]  1
0[0.9994]  1[0.0006]  0
0[0.0078]  1[0.9922]  1
0[0.9977]  1[0.0023]  0
0[0.4808]  1[0.5192]  1
0[0.9999]  1[0.0001]  0
0[0.0019]  1[0.9981]  1
0[1.0000]  1[0.0000]  0
0[0.9985]  1[0.0015]  0
0[0.9999]  1[0.0001]  0
0[1.0000]  1[0.0000]  0
0[0.9988]  1[0.0012]  0
0[1.0000]  1[0.0000]  0
0[1.0000]  1[0.0000]  0
0[0.9984]  1[0.0016]  0
0[0.0118]  1[0.9882]  1
0[1.0000]  1[0.0000]  0
0[0.0080]  1[0.9920]  1
0[1.0000]  1[0.0000]  0
0[0.9998]  1[0.0002]  0
0[0.9986]  1[0.0014]  0
0[0.9632]  1[0.0368]  0
0[0.9974]  1[0.0026]  0
0[0.0215]  1[0.9785]  1
0[0.9769]  1[0.0231]  0
0[0.0294]  1[0.9706]  1
0[0.2151]  1[0.7849]  1
0[1.0000]  1[0.0000]  0
0[0.0489]  1[0.9511]  1
0[0.0107]  1[0.9893]  1
0[1.0000]  1[0.0000]  0
0[0.0003]  1[0.9997]  1
0[0.9995]  1[0.0005]  0
0[0.9996]  1[0.0004]  0
0[0.9997]  1[0.0003]  0
0[0.0045]  1[0.9955]  1
0[0.9994]  1[0.0006]  0
0[0.0003]  1[0.9997]  1
0[0.9009]  1[0.0991]  0
0[0.9965]  1[0.0035]  0
0[0.9979]  1[0.0021]  0
0[0.9999]  1[0.0001]  0
0[0.0831]  1[0.9169]  1
0[1.0000]  1[0.0000]  0
0[0.9999]  1[0.0001]  0
0[0.0038]  1[0.9962]  1
0[0.0148]  1[0.9852]  1
0[0.0087]  1[0.9913]  1
0[1.0000]  1[0.0000]  0
0[1.0000]  1[0.0000]  0
0[0.9629]  1[0.0371]  0
0[1.0000]  1[0.0000]  0
0[0.9948]  1[0.0052]  0
0[0.8552]  1[0.1448]  0
