0[0.0572]  1[0.9428]  1
0[0.8385]  1[0.1615]  0
0[0.0137]  1[0.9863]  1
0[0.9983]  1[0.0017]  0
0[0.0002]  1[0.9998]  1
0[1.0000]  1[0.0000]  0
0[1.0000]  1[0.0000]  0
0[1.0000]  1[0.0000]  0
0[0.9999]  1[0.0001]  0
0[0.9999]  1[0.0001]  0
0[0.0069]  1[0.9931]  1
0[0.0031]  1[0.9969]  1
0[1.0000]  1[0.0000]  0
0[0.9999]  1[0.0001]  0
0[1.0000]  1[0.0000]  0
0[0.9999]  1[0.0001]  0
0[0.0073]  1[0.9927]  1
0[1.0000]  1[0.0000]  0
0[0.0204]  1[0.9796]  1
0[0.9995]  1[0.0005]  0
0[0.9569]  1[0.0431]  0
0[1.0000]  1[0.0000]  0
0[0.0067]  1[0.9933]  1
0[0.9999]  1[0.0001]  0
0[0.0176]  1[0.9824]  1
0[1.0000]  1[0.0000]  0
0[0.0073]  1[0.9927]  1
0[0.9965]  1[0.0035]  0
0[1.0000]  1[0.0000]  0
0[0.1981]  1[0.8019]  1
0[0.0080]  1[0.9920]  1
0[1.0000]  1[0.0000]  0
0[0.9966]  1[0.0034]  0
0[1.0000]  1[0.0000]  0
0[1.0000]  1[0.0000]  0
0[0.0170]  1[0.9830]  1
0[0.0714]  1[0.9286]  1
0[0.9999]  1[0.0001]  0
0[0.0615]  1[0.9385]  1
0[0.0044]  1[0.9956]  1
0[0.9996]  1[0.0004]  0
0[0.9999]  1[0.0001]  0
0[0.1101]  1[0.8899]  1
0[0.0008]  1[0.9992]  1
0[1.0000]  1[0.0000]  0
0[0.9929]  1[0.0071]  0
0[0.9918]  1[0.0082]  0
0[0.9996]  1[0.0004]  0
0[0.9291]  1[0.0709]  0
0[0.9999]  1[0.0001]  0
0[0.0000]  1[1.0000]  1
0[0.9989]  1[0.0011]  0
0[0.9964]  1[0.0036]  0
0[1.0000]  1[0.0000]  0
0[0.0194]  1[0.9806]  1
