0[0.9999]  1[0.0001]  0
0[0.0000]  1[1.0000]  1
0[0.9999]  1[0.0001]  0
0[0.9921]  1[0.0079]  0
0[1.0000]  1[0.0000]  0
0[0.9760]  1[0.0240]  0
0[0.9997]  1[0.0003]  0
0[0.9496]  1[0.0504]  0
0[0.0764]  1[0.9236]  1
0[0.9995]  1[0.0005]  0
0[0.9999]  1[0.0001]  0
0[0.9999]  1[0.0001]  0
0[0.0126]  1[0.9874]  1
0[0.9999]  1[0.0001]  0
0[0.6794]  1[0.3206]  0
0[0.6778]  1[0.3222]  0
0[0.2520]  1[0.7480]  1
0[0.6246]  1[0.3754]  0
0[0.3171]  1[0.6829]  1
0[0.5315]  1[0.4685]  0
0[0.0140]  1[0.9860]  1
0[0.9995]  1[0.0005]  0
0[0.0073]  1[0.9927]  1
0[0.9999]  1[0.0001]  0
0[1.0000]  1[0.0000]  0
0[0.9999]  1[0.0001]  0
0[0.0128]  1[0.9872]  1
