0[0.0067]  1[0.9933]  1
0[0.5982]  1[0.4018]  0
0[0.0929]  1[0.9071]  1
0[0.9999]  1[0.0001]  0
0[1.0000]  1[0.0000]  0
0[0.3520]  1[0.6480]  1
0[0.0028]  1[0.9972]  1
0[1.0000]  1[0.0000]  0
0[0.9997]  1[0.0003]  0
0[0.0577]  1[0.9423]  1
0[1.0000]  1[0.0000]  0
0[0.7139]  1[0.2861]  0
0[0.9766]  1[0.0234]  0
0[0.0000]  1[1.0000]  1
0[0.0436]  1[0.9564]  1
0[0.0177]  1[0.9823]  1
0[0.5735]  1[0.4265]  0
0[1.0000]  1[0.0000]  0
0[0.0022]  1[0.9978]  1
0[0.0349]  1[0.9651]  1
0[0.9986]  1[0.0014]  0
0[0.9978]  1[0.0022]  0
0[0.9999]  1[0.0001]  0
0[1.0000]  1[0.0000]  0
0[0.9922]  1[0.0078]  0
0[0.0060]  1[0.9940]  1
0[1.0000]  1[0.0000]  0
0[0.0263]  1[0.9737]  1
0[0.0223]  1[0.9777]  1
0[0.0223]  1[0.9777]  1
0[0.9948]  1[0.0052]  0
