0[0.9999]  1[0.0001]  0
0[0.0080]  1[0.9920]  1
0[0.9956]  1[0.0044]  0
0[1.0000]  1[0.0000]  0
0[1.0000]  1[0.0000]  0
0[0.9999]  1[0.0001]  0
0[1.0000]  1[0.0000]  0
0[0.9999]  1[0.0001]  0
0[0.9999]  1[0.0001]  0
0[0.0242]  1[0.9758]  1
0[0.9999]  1[0.0001]  0
0[0.9955]  1[0.0045]  0
0[0.9914]  1[0.0086]  0
0[0.0054]  1[0.9946]  1
0[0.9997]  1[0.0003]  0
0[0.0231]  1[0.9769]  1
0[0.0080]  1[0.9920]  1
0[0.9999]  1[0.0001]  0
0[0.0002]  1[0.9998]  1
0[1.0000]  1[0.0000]  0
0[0.9988]  1[0.0012]  0
0[0.0073]  1[0.9927]  1
0[0.9496]  1[0.0504]  0
0[1.0000]  1[0.0000]  0
0[0.9999]  1[0.0001]  0
0[0.9964]  1[0.0036]  0
0[0.9988]  1[0.0012]  0
0[0.9999]  1[0.0001]  0
0[1.0000]  1[0.0000]  0
0[0.1596]  1[0.8404]  1
0[0.9997]  1[0.0003]  0
