0[0.9985]  1[0.0015]  0
0[0.0089]  1[0.9911]  1
0[0.9999]  1[0.0001]  0
0[0.9995]  1[0.0005]  0
0[0.9990]  1[0.0010]  0
0[0.9999]  1[0.0001]  0
0[0.0022]  1[0.9978]  1
0[1.0000]  1[0.0000]  0
0[0.9911]  1[0.0089]  0
0[0.9999]  1[0.0001]  0
0[1.0000]  1[0.0000]  0
0[0.9984]  1[0.0016]  0
0[0.9999]  1[0.0001]  0
0[1.0000]  1[0.0000]  0
0[1.0000]  1[0.0000]  0
0[0.0051]  1[0.9949]  1
0[0.9988]  1[0.0012]  0
0[0.9995]  1[0.0005]  0
0[1.0000]  1[0.0000]  0
0[0.9999]  1[0.0001]  0
0[1.0000]  1[0.0000]  0
0[0.0055]  1[0.9945]  1
0[1.0000]  1[0.0000]  0
0[0.0028]  1[0.9972]  1
0[0.0101]  1[0.9899]  1
0[1.0000]  1[0.0000]  0
0[1.0000]  1[0.0000]  0
0[0.9209]  1[0.0791]  0
0[0.9994]  1[0.0006]  0
0[0.9996]  1[0.0004]  0
0[0.0073]  1[0.9927]  1
0[0.9986]  1[0.0014]  0
0[0.9999]  1[0.0001]  0
0[0.9999]  1[0.0001]  0
0[0.0152]  1[0.9848]  1
0[0.0309]  1[0.9691]  1
0[0.0073]  1[0.9927]  1
0[0.9997]  1[0.0003]  0
0[0.9986]  1[0.0014]  0
0[0.1703]  1[0.8297]  1
0[0.0248]  1[0.9752]  1
0[0.0025]  1[0.9975]  1
0[0.8983]  1[0.1017]  0
