0[0.9943]  1[0.0057]  0
0[1.0000]  1[0.0000]  0
0[0.9999]  1[0.0001]  0
0[0.0068]  1[0.9932]  1
0[1.0000]  1[0.0000]  0
0[0.9998]  1[0.0002]  0
0[0.7933]  1[0.2067]  0
0[0.9763]  1[0.0237]  0
0[0.9201]  1[0.0799]  0
0[0.9980]  1[0.0020]  0
0[0.0020]  1[0.9980]  1
0[0.0149]  1[0.9851]  1
0[0.2107]  1[0.7893]  1
0[0.0025]  1[0.9975]  1
0[0.0966]  1[0.9034]  1
0[0.9982]  1[0.0018]  0
0[1.0000]  1[0.0000]  0
0[0.0029]  1[0.9971]  1
0[0.0000]  1[1.0000]  1
0[0.0471]  1[0.9529]  1
0[0.9998]  1[0.0002]  0
0[0.9887]  1[0.0113]  0
0[0.1188]  1[0.8812]  1
0[0.0002]  1[0.9998]  1
0[0.9942]  1[0.0058]  0
0[0.9949]  1[0.0051]  0
0[1.0000]  1[0.0000]  0
0[0.2995]  1[0.7005]  1
0[0.6480]  1[0.3520]  0
0[0.9907]  1[0.0093]  0
0[0.9907]  1[0.0093]  0
0[0.7283]  1[0.2717]  0
0[0.9999]  1[0.0001]  0
0[0.9997]  1[0.0003]  0
0[0.9986]  1[0.0014]  0
0[0.9998]  1[0.0002]  0
0[1.0000]  1[0.0000]  0
0[0.6456]  1[0.3544]  0
0[0.6580]  1[0.3420]  0
0[0.9985]  1[0.0015]  0
0[1.0000]  1[0.0000]  0
0[0.9998]  1[0.0002]  0
0[0.9995]  1[0.0005]  0
0[1.0000]  1[0.0000]  0
0[0.4614]  1[0.5386]  1
0[0.1685]  1[0.8315]  1
0[0.0765]  1[0.9235]  1
0[0.7844]  1[0.2156]  0
0[0.9991]  1[0.0009]  0
0[0.0002]  1[0.9998]  1
0[0.9562]  1[0.0438]  0
0[0.9985]  1[0.0015]  0
0[1.0000]  1[0.0000]  0
0[0.1796]  1[0.8204]  1
0[0.0119]  1[0.9881]  1
0[1.0000]  1[0.0000]  0
0[0.9811]  1[0.0189]  0
0[0.0157]  1[0.9843]  1
0[0.0025]  1[0.9975]  1
0[0.0089]  1[0.9911]  1
0[0.9995]  1[0.0005]  0
0[0.0002]  1[0.9998]  1
0[0.1482]  1[0.8518]  1
0[1.0000]  1[0.0000]  0
0[0.9559]  1[0.0441]  0
0[1.0000]  1[0.0000]  0
0[0.3943]  1[0.6057]  1
