0[0.0355]  1[0.9645]  1
0[0.0392]  1[0.9608]  1
0[0.9994]  1[0.0006]  0
0[0.9998]  1[0.0002]  0
0[0.0372]  1[0.9628]  1
0[0.9999]  1[0.0001]  0
0[0.9905]  1[0.0095]  0
0[0.9999]  1[0.0001]  0
0[0.5039]  1[0.4961]  0
0[0.0066]  1[0.9934]  1
0[0.0102]  1[0.9898]  1
0[0.9945]  1[0.0055]  0
0[0.9964]  1[0.0036]  0
0[0.0307]  1[0.9693]  1
0[0.9443]  1[0.0557]  0
0[0.9998]  1[0.0002]  0
0[1.0000]  1[0.0000]  0
0[0.0075]  1[0.9925]  1
0[0.9985]  1[0.0015]  0
0[0.9990]  1[0.0010]  0
0[0.9998]  1[0.0002]  0
0[0.2011]  1[0.7989]  1
0[0.0078]  1[0.9922]  1
0[0.0659]  1[0.9341]  1
0[0.6477]  1[0.3523]  0
0[1.0000]  1[0.0000]  0
0[0.9907]  1[0.0093]  0
0[0.6702]  1[0.3298]  0
0[0.0001]  1[0.9999]  1
0[1.0000]  1[0.0000]  0
0[0.0239]  1[0.9761]  1
0[1.0000]  1[0.0000]  0
0[0.0078]  1[0.9922]  1
0[0.9907]  1[0.0093]  0
0[0.0585]  1[0.9415]  1
0[1.0000]  1[0.0000]  0
0[0.9999]  1[0.0001]  0
0[0.9984]  1[0.0016]  0
0[0.0008]  1[0.9992]  1
0[0.0075]  1[0.9925]  1
0[0.1233]  1[0.8767]  1
0[1.0000]  1[0.0000]  0
0[0.0098]  1[0.9902]  1
0[0.0004]  1[0.9996]  1
0[0.0282]  1[0.9718]  1
0[1.0000]  1[0.0000]  0
0[0.0005]  1[0.9995]  1
0[0.0078]  1[0.9922]  1
0[0.1226]  1[0.8774]  1
0[0.9981]  1[0.0019]  0
0[0.0000]  1[1.0000]  1
0[0.0017]  1[0.9983]  1
0[1.0000]  1[0.0000]  0
0[1.0000]  1[0.0000]  0
0[0.9991]  1[0.0009]  0
0[0.9993]  1[0.0007]  0
0[0.9995]  1[0.0005]  0
0[0.9996]  1[0.0004]  0
0[0.9999]  1[0.0001]  0
0[0.8631]  1[0.1369]  0
0[0.0107]  1[0.9893]  1
0[0.8800]  1[0.1200]  0
0[0.9999]  1[0.0001]  0
0[0.9806]  1[0.0194]  0
0[1.0000]  1[0.0000]  0
0[0.0004]  1[0.9996]  1
0[0.0498]  1[0.9502]  1
0[0.0019]  1[0.9981]  1
0[0.9228]  1[0.0772]  0
0[1.0000]  1[0.0000]  0
0[0.9525]  1[0.0475]  0
0[0.9999]  1[0.0001]  0
0[1.0000]  1[0.0000]  0
0[0.0075]  1[0.9925]  1
0[0.9809]  1[0.0191]  0
0[0.0059]  1[0.9941]  1
0[0.9979]  1[0.0021]  0
0[1.0000]  1[0.0000]  0
0[0.0024]  1[0.9976]  1
0[0.9999]  1[0.0001]  0
0[0.9858]  1[0.0142]  0
0[0.0842]  1[0.9158]  1
0[0.9183]  1[0.0817]  0
0[0.9899]  1[0.0101]  0
0[0.0091]  1[0.9909]  1
0[0.9998]  1[0.0002]  0
0[0.9999]  1[0.0001]  0
0[0.0085]  1[0.9915]  1
0[0.9976]  1[0.0024]  0
0[0.0074]  1[0.9926]  1
