0[0.9977]  1[0.0023]  0
0[1.0000]  1[0.0000]  0
0[0.9995]  1[0.0005]  0
0[0.9986]  1[0.0014]  0
0[0.9993]  1[0.0007]  0
0[0.9999]  1[0.0001]  0
0[0.0263]  1[0.9737]  1
0[0.9994]  1[0.0006]  0
0[0.9999]  1[0.0001]  0
0[0.0096]  1[0.9904]  1
0[0.9966]  1[0.0034]  0
0[0.9999]  1[0.0001]  0
0[0.0075]  1[0.9925]  1
0[0.0388]  1[0.9612]  1
0[0.9995]  1[0.0005]  0
0[0.0019]  1[0.9981]  1
0[1.0000]  1[0.0000]  0
0[0.9828]  1[0.0172]  0
0[0.9741]  1[0.0259]  0
0[1.0000]  1[0.0000]  0
0[0.0470]  1[0.9530]  1
0[0.8711]  1[0.1289]  0
0[0.7288]  1[0.2712]  0
0[0.6777]  1[0.3223]  0
