0[0.0062]  1[0.9938]  1
0[1.0000]  1[0.0000]  0
0[0.0163]  1[0.9837]  1
0[0.1299]  1[0.8701]  1
0[0.0001]  1[0.9999]  1
0[0.0313]  1[0.9687]  1
0[1.0000]  1[0.0000]  0
0[1.0000]  1[0.0000]  0
0[1.0000]  1[0.0000]  0
0[0.9978]  1[0.0022]  0
0[1.0000]  1[0.0000]  0
0[1.0000]  1[0.0000]  0
0[0.0024]  1[0.9976]  1
0[0.1737]  1[0.8263]  1
0[0.9978]  1[0.0022]  0
0[0.9966]  1[0.0034]  0
0[0.9988]  1[0.0012]  0
0[0.0130]  1[0.9870]  1
0[1.0000]  1[0.0000]  0
0[0.0008]  1[0.9992]  1
0[0.9999]  1[0.0001]  0
0[1.0000]  1[0.0000]  0
0[0.0002]  1[0.9998]  1
0[0.9999]  1[0.0001]  0
0[0.9956]  1[0.0044]  0
0[0.1568]  1[0.8432]  1
0[0.0028]  1[0.9972]  1
0[0.9798]  1[0.0202]  0
0[1.0000]  1[0.0000]  0
0[0.9996]  1[0.0004]  0
0[0.9998]  1[0.0002]  0
0[1.0000]  1[0.0000]  0
0[0.0080]  1[0.9920]  1
0[0.9996]  1[0.0004]  0
0[0.0072]  1[0.9928]  1
0[1.0000]  1[0.0000]  0
0[0.0647]  1[0.9353]  1
0[0.9926]  1[0.0074]  0
0[0.3762]  1[0.6238]  1
0[0.9999]  1[0.0001]  0
0[0.0941]  1[0.9059]  1
0[1.0000]  1[0.0000]  0
0[0.0119]  1[0.9881]  1
0[0.0036]  1[0.9964]  1
0[0.9995]  1[0.0005]  0
0[0.9999]  1[0.0001]  0
0[0.7656]  1[0.2344]  0
0[0.0116]  1[0.9884]  1
0[0.9986]  1[0.0014]  0
0[0.9999]  1[0.0001]  0
0[0.9991]  1[0.0009]  0
0[0.9999]  1[0.0001]  0
0[0.0072]  1[0.9928]  1
0[0.9975]  1[0.0025]  0
0[0.0170]  1[0.9830]  1
0[0.0837]  1[0.9163]  1
0[0.9987]  1[0.0013]  0
0[0.0003]  1[0.9997]  1
0[0.9959]  1[0.0041]  0
0[0.0132]  1[0.9868]  1
0[0.0297]  1[0.9703]  1
0[0.0621]  1[0.9379]  1
0[0.9806]  1[0.0194]  0
0[0.9612]  1[0.0388]  0
0[0.9978]  1[0.0022]  0
0[0.0028]  1[0.9972]  1
0[0.9978]  1[0.0022]  0
0[0.0208]  1[0.9792]  1
0[0.0002]  1[0.9998]  1
0[0.9868]  1[0.0132]  0
0[0.9995]  1[0.0005]  0
0[0.9278]  1[0.0722]  0
0[0.9995]  1[0.0005]  0
0[0.9966]  1[0.0034]  0
0[0.0132]  1[0.9868]  1
0[0.0264]  1[0.9736]  1
0[0.9418]  1[0.0582]  0
0[1.0000]  1[0.0000]  0
0[1.0000]  1[0.0000]  0
0[1.0000]  1[0.0000]  0
0[0.0230]  1[0.9770]  1
0[0.0229]  1[0.9771]  1
0[0.0045]  1[0.9955]  1
0[0.9622]  1[0.0378]  0
0[1.0000]  1[0.0000]  0
0[0.0021]  1[0.9979]  1
