0[1.0000]  1[0.0000]  0
0[1.0000]  1[0.0000]  0
0[1.0000]  1[0.0000]  0
0[0.0057]  1[0.9943]  1
0[0.9996]  1[0.0004]  0
0[0.9956]  1[0.0044]  0
0[1.0000]  1[0.0000]  0
0[1.0000]  1[0.0000]  0
0[0.0003]  1[0.9997]  1
0[0.9993]  1[0.0007]  0
0[0.0939]  1[0.9061]  1
0[0.9999]  1[0.0001]  0
0[0.9975]  1[0.0025]  0
0[1.0000]  1[0.0000]  0
0[1.0000]  1[0.0000]  0
0[0.9986]  1[0.0014]  0
0[0.9997]  1[0.0003]  0
0[0.0379]  1[0.9621]  1
0[0.0210]  1[0.9790]  1
0[0.9999]  1[0.0001]  0
0[0.9983]  1[0.0017]  0
0[1.0000]  1[0.0000]  0
0[0.9999]  1[0.0001]  0
0[0.0327]  1[0.9673]  1
0[0.9953]  1[0.0047]  0
0[0.9977]  1[0.0023]  0
0[0.0202]  1[0.9798]  1
0[0.6156]  1[0.3844]  0
0[0.9962]  1[0.0038]  0
0[0.9997]  1[0.0003]  0
0[0.9968]  1[0.0032]  0
0[0.0025]  1[0.9975]  1
0[0.7831]  1[0.2169]  0
0[0.0136]  1[0.9864]  1
0[1.0000]  1[0.0000]  0
0[0.9995]  1[0.0005]  0
0[0.0177]  1[0.9823]  1
0[0.6344]  1[0.3656]  0
0[0.9975]  1[0.0025]  0
0[0.0064]  1[0.9936]  1
0[1.0000]  1[0.0000]  0
