0[0.0991]  1[0.9009]  1
0[0.9996]  1[0.0004]  0
0[0.0014]  1[0.9986]  1
0[1.0000]  1[0.0000]  0
0[1.0000]  1[0.0000]  0
0[0.0002]  1[0.9998]  1
0[0.0466]  1[0.9534]  1
0[0.9970]  1[0.0030]  0
0[0.0027]  1[0.9973]  1
0[1.0000]  1[0.0000]  0
0[0.9999]  1[0.0001]  0
0[0.9997]  1[0.0003]  0
0[0.0418]  1[0.9582]  1
0[0.9975]  1[0.0025]  0
0[1.0000]  1[0.0000]  0
0[1.0000]  1[0.0000]  0
0[0.9962]  1[0.0038]  0
0[0.7595]  1[0.2405]  0
0[1.0000]  1[0.0000]  0
0[1.0000]  1[0.0000]  0
0[1.0000]  1[0.0000]  0
0[1.0000]  1[0.0000]  0
0[0.9999]  1[0.0001]  0
0[0.0001]  1[0.9999]  1
0[0.9967]  1[0.0033]  0
0[1.0000]  1[0.0000]  0
0[0.9811]  1[0.0189]  0
0[0.9956]  1[0.0044]  0
0[1.0000]  1[0.0000]  0
0[1.0000]  1[0.0000]  0
0[0.5982]  1[0.4018]  0
0[0.9993]  1[0.0007]  0
0[0.9992]  1[0.0008]  0
0[0.9999]  1[0.0001]  0
0[0.9996]  1[0.0004]  0
0[0.0349]  1[0.9651]  1
0[0.9916]  1[0.0084]  0
0[0.0063]  1[0.9937]  1
0[1.0000]  1[0.0000]  0
0[1.0000]  1[0.0000]  0
0[0.9903]  1[0.0097]  0
0[1.0000]  1[0.0000]  0
0[0.9929]  1[0.0071]  0
0[0.9726]  1[0.0274]  0
0[0.0161]  1[0.9839]  1
0[0.9153]  1[0.0847]  0
0[1.0000]  1[0.0000]  0
0[0.9928]  1[0.0072]  0
0[0.0614]  1[0.9386]  1
0[0.9975]  1[0.0025]  0
0[0.9976]  1[0.0024]  0
0[0.9998]  1[0.0002]  0
0[0.1530]  1[0.8470]  1
0[1.0000]  1[0.0000]  0
0[0.0235]  1[0.9765]  1
0[0.9999]  1[0.0001]  0
0[0.6173]  1[0.3827]  0
0[0.9996]  1[0.0004]  0
0[0.0153]  1[0.9847]  1
0[1.0000]  1[0.0000]  0
0[1.0000]  1[0.0000]  0
0[0.9997]  1[0.0003]  0
0[1.0000]  1[0.0000]  0
0[0.0031]  1[0.9969]  1
0[0.9642]  1[0.0358]  0
0[0.9948]  1[0.0052]  0
0[1.0000]  1[0.0000]  0
0[0.9986]  1[0.0014]  0
0[0.9905]  1[0.0095]  0
0[0.9996]  1[0.0004]  0
0[0.0052]  1[0.9948]  1
0[0.0662]  1[0.9338]  1
0[0.9990]  1[0.0010]  0
0[0.9999]  1[0.0001]  0
0[0.9700]  1[0.0300]  0
0[0.9998]  1[0.0002]  0
0[0.9990]  1[0.0010]  0
