0[1.0000]  1[0.0000]  0
0[0.3046]  1[0.6954]  1
0[0.0246]  1[0.9754]  1
0[0.1594]  1[0.8406]  1
0[0.0063]  1[0.9937]  1
0[0.0259]  1[0.9741]  1
0[1.0000]  1[0.0000]  0
0[0.4401]  1[0.5599]  1
0[0.7986]  1[0.2014]  0
0[0.9747]  1[0.0253]  0
0[0.2423]  1[0.7577]  1
0[0.0003]  1[0.9997]  1
0[0.0003]  1[0.9997]  1
0[0.9923]  1[0.0077]  0
0[0.9999]  1[0.0001]  0
0[1.0000]  1[0.0000]  0
0[0.0028]  1[0.9972]  1
0[0.0408]  1[0.9592]  1
0[0.9998]  1[0.0002]  0
0[0.9236]  1[0.0764]  0
0[0.9999]  1[0.0001]  0
0[0.9999]  1[0.0001]  0
0[0.0327]  1[0.9673]  1
0[0.0349]  1[0.9651]  1
0[1.0000]  1[0.0000]  0
0[0.9999]  1[0.0001]  0
0[0.9937]  1[0.0063]  0
0[0.9930]  1[0.0070]  0
0[0.9994]  1[0.0006]  0
0[0.0025]  1[0.9975]  1
0[0.9999]  1[0.0001]  0
0[0.9999]  1[0.0001]  0
0[0.9988]  1[0.0012]  0
0[1.0000]  1[0.0000]  0
0[1.0000]  1[0.0000]  0
0[0.0002]  1[0.9998]  1
0[0.0352]  1[0.9648]  1
0[0.9994]  1[0.0006]  0
0[0.9981]  1[0.0019]  0
0[0.9999]  1[0.0001]  0
0[0.9985]  1[0.0015]  0
0[0.9997]  1[0.0003]  0
0[0.3943]  1[0.6057]  1
0[0.9727]  1[0.0273]  0
0[0.0515]  1[0.9485]  1
0[0.1314]  1[0.8686]  1
0[0.9604]  1[0.0396]  0
0[0.7841]  1[0.2159]  0
0[0.0612]  1[0.9388]  1
0[0.1912]  1[0.8088]  1
0[0.9999]  1[0.0001]  0
0[0.0090]  1[0.9910]  1
0[0.9973]  1[0.0027]  0
0[0.0002]  1[0.9998]  1
0[0.9995]  1[0.0005]  0
0[0.9997]  1[0.0003]  0
0[0.3344]  1[0.6656]  1
0[0.9985]  1[0.0015]  0
0[0.0038]  1[0.9962]  1
0[0.0867]  1[0.9133]  1
0[0.9999]  1[0.0001]  0
0[0.9995]  1[0.0005]  0
0[1.0000]  1[0.0000]  0
0[0.9999]  1[0.0001]  0
0[0.0008]  1[0.9992]  1
0[0.8425]  1[0.1575]  0
0[0.9998]  1[0.0002]  0
0[0.0179]  1[0.9821]  1
0[0.9672]  1[0.0328]  0
0[0.9992]  1[0.0008]  0
0[0.0502]  1[0.9498]  1
0[0.0064]  1[0.9936]  1
0[0.0202]  1[0.9798]  1
0[0.0093]  1[0.9907]  1
0[0.0195]  1[0.9805]  1
0[0.9972]  1[0.0028]  0
0[0.9999]  1[0.0001]  0
0[0.9999]  1[0.0001]  0
0[0.9991]  1[0.0009]  0
0[0.7524]  1[0.2476]  0
0[0.9990]  1[0.0010]  0
0[0.9984]  1[0.0016]  0
0[0.9987]  1[0.0013]  0
0[0.0009]  1[0.9991]  1
0[0.0277]  1[0.9723]  1
0[0.0100]  1[0.9900]  1
0[0.0000]  1[1.0000]  1
0[1.0000]  1[0.0000]  0
