0[1.0000]  1[0.0000]  0
0[0.0161]  1[0.9839]  1
0[0.9987]  1[0.0013]  0
0[0.0003]  1[0.9997]  1
0[0.9936]  1[0.0064]  0
0[0.9999]  1[0.0001]  0
0[0.9995]  1[0.0005]  0
0[0.9997]  1[0.0003]  0
0[0.9995]  1[0.0005]  0
0[0.9999]  1[0.0001]  0
0[0.0277]  1[0.9723]  1
0[0.9999]  1[0.0001]  0
0[0.9999]  1[0.0001]  0
0[0.9994]  1[0.0006]  0
0[1.0000]  1[0.0000]  0
0[0.9970]  1[0.0030]  0
0[0.9999]  1[0.0001]  0
0[0.9982]  1[0.0018]  0
0[0.0140]  1[0.9860]  1
0[0.9999]  1[0.0001]  0
0[0.9998]  1[0.0002]  0
0[0.8482]  1[0.1518]  0
0[1.0000]  1[0.0000]  0
0[0.9965]  1[0.0035]  0
0[0.9980]  1[0.0020]  0
0[0.9983]  1[0.0017]  0
0[1.0000]  1[0.0000]  0
0[0.0443]  1[0.9557]  1
0[0.9959]  1[0.0041]  0
0[0.9942]  1[0.0058]  0
0[0.3226]  1[0.6774]  1
0[0.0049]  1[0.9951]  1
0[0.9996]  1[0.0004]  0
0[0.0254]  1[0.9746]  1
0[0.9994]  1[0.0006]  0
0[0.1724]  1[0.8276]  1
0[0.5677]  1[0.4323]  0
0[0.0040]  1[0.9960]  1
0[0.9088]  1[0.0912]  0
0[1.0000]  1[0.0000]  0
0[0.9999]  1[0.0001]  0
0[0.6686]  1[0.3314]  0
0[0.7231]  1[0.2769]  0
0[0.6793]  1[0.3207]  0
0[0.9955]  1[0.0045]  0
0[1.0000]  1[0.0000]  0
0[0.9620]  1[0.0380]  0
0[0.9999]  1[0.0001]  0
0[1.0000]  1[0.0000]  0
0[0.0078]  1[0.9922]  1
0[0.0126]  1[0.9874]  1
0[0.0002]  1[0.9998]  1
0[1.0000]  1[0.0000]  0
0[0.9999]  1[0.0001]  0
0[1.0000]  1[0.0000]  0
0[1.0000]  1[0.0000]  0
0[0.9999]  1[0.0001]  0
0[0.9092]  1[0.0908]  0
0[0.0170]  1[0.9830]  1
0[0.9957]  1[0.0043]  0
0[0.9996]  1[0.0004]  0
0[0.5685]  1[0.4315]  0
0[1.0000]  1[0.0000]  0
0[0.0000]  1[1.0000]  1
