0[0.9969]  1[0.0031]  0
0[1.0000]  1[0.0000]  0
0[0.9995]  1[0.0005]  0
0[0.9999]  1[0.0001]  0
0[0.9977]  1[0.0023]  0
0[1.0000]  1[0.0000]  0
0[0.0008]  1[0.9992]  1
0[0.9997]  1[0.0003]  0
0[0.9957]  1[0.0043]  0
0[0.9956]  1[0.0044]  0
0[0.9954]  1[0.0046]  0
0[0.0290]  1[0.9710]  1
0[0.9991]  1[0.0009]  0
0[0.7960]  1[0.2040]  0
0[0.9999]  1[0.0001]  0
0[0.9998]  1[0.0002]  0
0[0.9968]  1[0.0032]  0
0[0.9999]  1[0.0001]  0
0[0.9999]  1[0.0001]  0
0[0.9398]  1[0.0602]  0
0[0.9946]  1[0.0054]  0
0[0.9895]  1[0.0105]  0
0[1.0000]  1[0.0000]  0
0[0.9996]  1[0.0004]  0
0[0.9970]  1[0.0030]  0
0[0.5606]  1[0.4394]  0
0[0.9969]  1[0.0031]  0
0[0.7349]  1[0.2651]  0
0[0.9960]  1[0.0040]  0
0[0.9999]  1[0.0001]  0
0[0.9988]  1[0.0012]  0
0[0.9949]  1[0.0051]  0
0[0.9999]  1[0.0001]  0
0[0.9999]  1[0.0001]  0
0[0.0142]  1[0.9858]  1
0[0.9944]  1[0.0056]  0
0[0.9960]  1[0.0040]  0
0[0.9986]  1[0.0014]  0
0[0.0327]  1[0.9673]  1
0[1.0000]  1[0.0000]  0
0[0.0008]  1[0.9992]  1
0[0.9732]  1[0.0268]  0
0[0.0325]  1[0.9675]  1
