0[0.9999]  1[0.0001]  0
0[0.1832]  1[0.8168]  1
0[0.0083]  1[0.9917]  1
0[0.9999]  1[0.0001]  0
0[1.0000]  1[0.0000]  0
0[1.0000]  1[0.0000]  0
0[1.0000]  1[0.0000]  0
0[0.9978]  1[0.0022]  0
0[0.0136]  1[0.9864]  1
0[0.8755]  1[0.1245]  0
0[0.0172]  1[0.9828]  1
0[0.9999]  1[0.0001]  0
0[0.0259]  1[0.9741]  1
0[0.9919]  1[0.0081]  0
0[0.7044]  1[0.2956]  0
0[0.9999]  1[0.0001]  0
0[0.9991]  1[0.0009]  0
0[0.0161]  1[0.9839]  1
0[0.0500]  1[0.9500]  1
0[0.0993]  1[0.9007]  1
0[0.7061]  1[0.2939]  0
