0[0.9990]  1[0.0010]  0
0[0.9995]  1[0.0005]  0
0[0.9999]  1[0.0001]  0
0[0.9999]  1[0.0001]  0
0[0.9999]  1[0.0001]  0
0[0.1185]  1[0.8815]  1
0[1.0000]  1[0.0000]  0
0[1.0000]  1[0.0000]  0
0[0.0243]  1[0.9757]  1
0[1.0000]  1[0.0000]  0
0[0.9514]  1[0.0486]  0
0[0.9976]  1[0.0024]  0
0[0.2293]  1[0.7707]  1
0[1.0000]  1[0.0000]  0
0[0.9933]  1[0.0067]  0
0[0.0021]  1[0.9979]  1
0[1.0000]  1[0.0000]  0
0[0.0063]  1[0.9937]  1
0[0.3290]  1[0.6710]  1
0[0.0075]  1[0.9925]  1
0[0.9976]  1[0.0024]  0
0[0.9977]  1[0.0023]  0
0[0.9763]  1[0.0237]  0
0[0.9996]  1[0.0004]  0
0[0.4669]  1[0.5331]  1
0[0.0171]  1[0.9829]  1
0[1.0000]  1[0.0000]  0
0[0.9999]  1[0.0001]  0
0[1.0000]  1[0.0000]  0
0[0.0154]  1[0.9846]  1
0[1.0000]  1[0.0000]  0
0[0.9999]  1[0.0001]  0
0[1.0000]  1[0.0000]  0
0[1.0000]  1[0.0000]  0
0[1.0000]  1[0.0000]  0
0[1.0000]  1[0.0000]  0
0[1.0000]  1[0.0000]  0
0[0.9999]  1[0.0001]  0
0[1.0000]  1[0.0000]  0
0[1.0000]  1[0.0000]  0
0[1.0000]  1[0.0000]  0
0[0.9780]  1[0.0220]  0
0[1.0000]  1[0.0000]  0
0[0.0133]  1[0.9867]  1
0[0.9983]  1[0.0017]  0
0[0.0066]  1[0.9934]  1
0[1.0000]  1[0.0000]  0
0[1.0000]  1[0.0000]  0
0[0.9975]  1[0.0025]  0
0[0.9999]  1[0.0001]  0
0[0.0227]  1[0.9773]  1
0[1.0000]  1[0.0000]  0
0[0.9987]  1[0.0013]  0
0[0.9999]  1[0.0001]  0
0[0.0013]  1[0.9987]  1
0[0.9986]  1[0.0014]  0
0[0.9999]  1[0.0001]  0
0[0.0240]  1[0.9760]  1
0[0.9984]  1[0.0016]  0
0[0.9999]  1[0.0001]  0
0[0.9957]  1[0.0043]  0
0[0.0161]  1[0.9839]  1
0[0.9998]  1[0.0002]  0
0[0.9999]  1[0.0001]  0
0[0.9917]  1[0.0083]  0
0[0.1358]  1[0.8642]  1
0[0.0497]  1[0.9503]  1
0[1.0000]  1[0.0000]  0
