0[0.9999]  1[0.0001]  0
0[0.9998]  1[0.0002]  0
0[0.9976]  1[0.0024]  0
0[0.0883]  1[0.9117]  1
0[1.0000]  1[0.0000]  0
0[0.9955]  1[0.0045]  0
0[0.9940]  1[0.0060]  0
0[0.9994]  1[0.0006]  0
0[1.0000]  1[0.0000]  0
0[1.0000]  1[0.0000]  0
0[0.9999]  1[0.0001]  0
0[0.0018]  1[0.9982]  1
0[0.0073]  1[0.9927]  1
0[0.7415]  1[0.2585]  0
0[0.9997]  1[0.0003]  0
0[0.9999]  1[0.0001]  0
0[0.9996]  1[0.0004]  0
0[0.9998]  1[0.0002]  0
0[0.9760]  1[0.0240]  0
0[1.0000]  1[0.0000]  0
0[0.9999]  1[0.0001]  0
0[0.0004]  1[0.9996]  1
0[0.9996]  1[0.0004]  0
0[0.9999]  1[0.0001]  0
0[0.9998]  1[0.0002]  0
0[0.9999]  1[0.0001]  0
0[0.9995]  1[0.0005]  0
0[0.9999]  1[0.0001]  0
0[0.9964]  1[0.0036]  0
0[0.9979]  1[0.0021]  0
0[0.0222]  1[0.9778]  1
0[0.1157]  1[0.8843]  1
0[0.0073]  1[0.9927]  1
0[0.9980]  1[0.0020]  0
0[0.0121]  1[0.9879]  1
0[0.7973]  1[0.2027]  0
0[0.9976]  1[0.0024]  0
