0[1.0000]  1[0.0000]  0
0[0.9997]  1[0.0003]  0
0[0.9995]  1[0.0005]  0
0[0.9930]  1[0.0070]  0
0[0.0529]  1[0.9471]  1
0[0.9860]  1[0.0140]  0
0[0.9999]  1[0.0001]  0
0[0.0372]  1[0.9628]  1
0[0.0045]  1[0.9955]  1
0[0.0133]  1[0.9867]  1
0[1.0000]  1[0.0000]  0
0[0.9979]  1[0.0021]  0
0[0.9927]  1[0.0073]  0
0[1.0000]  1[0.0000]  0
0[0.9999]  1[0.0001]  0
0[0.0037]  1[0.9963]  1
0[0.8491]  1[0.1509]  0
0[0.0002]  1[0.9998]  1
0[0.9999]  1[0.0001]  0
0[0.9989]  1[0.0011]  0
0[1.0000]  1[0.0000]  0
0[0.0166]  1[0.9834]  1
0[0.9000]  1[0.1000]  0
0[0.0002]  1[0.9998]  1
0[1.0000]  1[0.0000]  0
0[0.9968]  1[0.0032]  0
0[1.0000]  1[0.0000]  0
0[1.0000]  1[0.0000]  0
0[0.9968]  1[0.0032]  0
0[0.9999]  1[0.0001]  0
0[0.9984]  1[0.0016]  0
