0[0.9999]  1[0.0001]  0
0[0.6682]  1[0.3318]  0
0[0.7115]  1[0.2885]  0
0[0.9636]  1[0.0364]  0
0[0.0001]  1[0.9999]  1
0[0.0691]  1[0.9309]  1
0[0.9999]  1[0.0001]  0
0[0.0008]  1[0.9992]  1
0[1.0000]  1[0.0000]  0
0[0.9999]  1[0.0001]  0
0[0.9999]  1[0.0001]  0
0[1.0000]  1[0.0000]  0
0[1.0000]  1[0.0000]  0
0[1.0000]  1[0.0000]  0
0[1.0000]  1[0.0000]  0
0[0.9965]  1[0.0035]  0
0[0.9984]  1[0.0016]  0
0[1.0000]  1[0.0000]  0
0[0.9998]  1[0.0002]  0
0[0.9999]  1[0.0001]  0
0[0.0211]  1[0.9789]  1
0[0.0529]  1[0.9471]  1
0[0.0457]  1[0.9543]  1
0[0.9999]  1[0.0001]  0
0[1.0000]  1[0.0000]  0
