0[0.9999]  1[0.0001]  0
0[0.9997]  1[0.0003]  0
0[0.9997]  1[0.0003]  0
0[0.2291]  1[0.7709]  1
0[0.9983]  1[0.0017]  0
0[1.0000]  1[0.0000]  0
0[0.9999]  1[0.0001]  0
0[0.3689]  1[0.6311]  1
0[0.9999]  1[0.0001]  0
0[0.9999]  1[0.0001]  0
0[0.9996]  1[0.0004]  0
0[0.9999]  1[0.0001]  0
0[0.9976]  1[0.0024]  0
0[0.4812]  1[0.5188]  1
0[1.0000]  1[0.0000]  0
0[0.0836]  1[0.9164]  1
0[0.0060]  1[0.9940]  1
0[0.1534]  1[0.8466]  1
0[0.9966]  1[0.0034]  0
0[0.6825]  1[0.3175]  0
0[0.9996]  1[0.0004]  0
0[0.9995]  1[0.0005]  0
0[0.9986]  1[0.0014]  0
0[0.1169]  1[0.8831]  1
0[0.6256]  1[0.3744]  0
0[0.9996]  1[0.0004]  0
0[0.0212]  1[0.9788]  1
0[0.9988]  1[0.0012]  0
0[0.9969]  1[0.0031]  0
0[0.9998]  1[0.0002]  0
0[1.0000]  1[0.0000]  0
0[0.9990]  1[0.0010]  0
0[0.9988]  1[0.0012]  0
0[0.0022]  1[0.9978]  1
0[0.0656]  1[0.9344]  1
0[0.3922]  1[0.6078]  1
0[0.0000]  1[1.0000]  1
0[0.9996]  1[0.0004]  0
0[0.9711]  1[0.0289]  0
0[0.2471]  1[0.7529]  1
0[0.0078]  1[0.9922]  1
0[0.0775]  1[0.9225]  1
0[0.9966]  1[0.0034]  0
0[0.0192]  1[0.9808]  1
0[0.0073]  1[0.9927]  1
0[0.9999]  1[0.0001]  0
0[0.9246]  1[0.0754]  0
0[0.0078]  1[0.9922]  1
0[0.9973]  1[0.0027]  0
0[0.9990]  1[0.0010]  0
0[0.0143]  1[0.9857]  1
0[0.0173]  1[0.9827]  1
0[0.9989]  1[0.0011]  0
0[0.0149]  1[0.9851]  1
0[0.0302]  1[0.9698]  1
0[0.0078]  1[0.9922]  1
0[0.5256]  1[0.4744]  0
0[0.2710]  1[0.7290]  1
0[0.9999]  1[0.0001]  0
0[0.9976]  1[0.0024]  0
