0[1.0000]  1[0.0000]  0
0[0.9874]  1[0.0126]  0
0[0.9985]  1[0.0015]  0
0[0.9999]  1[0.0001]  0
0[0.9998]  1[0.0002]  0
0[0.9803]  1[0.0197]  0
0[0.8830]  1[0.1170]  0
0[1.0000]  1[0.0000]  0
0[0.9996]  1[0.0004]  0
0[1.0000]  1[0.0000]  0
0[0.9999]  1[0.0001]  0
0[0.9998]  1[0.0002]  0
0[0.7907]  1[0.2093]  0
0[1.0000]  1[0.0000]  0
0[0.9995]  1[0.0005]  0
0[0.8486]  1[0.1514]  0
0[0.0135]  1[0.9865]  1
0[0.9990]  1[0.0010]  0
0[0.9999]  1[0.0001]  0
0[1.0000]  1[0.0000]  0
0[0.9996]  1[0.0004]  0
0[0.9999]  1[0.0001]  0
0[1.0000]  1[0.0000]  0
0[1.0000]  1[0.0000]  0
0[1.0000]  1[0.0000]  0
