0[1.0000]  1[0.0000]  0
0[0.9940]  1[0.0060]  0
0[1.0000]  1[0.0000]  0
0[0.0073]  1[0.9927]  1
0[0.9996]  1[0.0004]  0
0[0.9999]  1[0.0001]  0
0[0.9999]  1[0.0001]  0
0[1.0000]  1[0.0000]  0
0[0.9992]  1[0.0008]  0
0[0.9843]  1[0.0157]  0
0[1.0000]  1[0.0000]  0
0[0.0154]  1[0.9846]  1
0[1.0000]  1[0.0000]  0
0[0.9877]  1[0.0123]  0
0[0.9918]  1[0.0082]  0
0[0.9982]  1[0.0018]  0
0[0.9999]  1[0.0001]  0
0[0.0125]  1[0.9875]  1
0[0.9994]  1[0.0006]  0
0[0.0600]  1[0.9400]  1
0[1.0000]  1[0.0000]  0
0[0.9999]  1[0.0001]  0
0[0.0148]  1[0.9852]  1
0[0.9964]  1[0.0036]  0
0[1.0000]  1[0.0000]  0
0[1.0000]  1[0.0000]  0
0[0.9989]  1[0.0011]  0
0[1.0000]  1[0.0000]  0
0[0.1829]  1[0.8171]  1
0[1.0000]  1[0.0000]  0
0[1.0000]  1[0.0000]  0
0[0.9984]  1[0.0016]  0
0[1.0000]  1[0.0000]  0
0[1.0000]  1[0.0000]  0
0[0.9998]  1[0.0002]  0
0[1.0000]  1[0.0000]  0
0[0.9995]  1[0.0005]  0
0[0.9959]  1[0.0041]  0
0[0.0330]  1[0.9670]  1
0[1.0000]  1[0.0000]  0
0[0.0119]  1[0.9881]  1
0[0.9989]  1[0.0011]  0
0[0.9976]  1[0.0024]  0
0[1.0000]  1[0.0000]  0
0[0.5673]  1[0.4327]  0
0[0.0080]  1[0.9920]  1
0[0.1637]  1[0.8363]  1
0[1.0000]  1[0.0000]  0
0[0.9999]  1[0.0001]  0
0[0.9988]  1[0.0012]  0
0[1.0000]  1[0.0000]  0
0[0.9991]  1[0.0009]  0
0[0.9067]  1[0.0933]  0
0[0.9999]  1[0.0001]  0
0[0.9999]  1[0.0001]  0
0[1.0000]  1[0.0000]  0
0[0.0011]  1[0.9989]  1
0[1.0000]  1[0.0000]  0
0[0.0039]  1[0.9961]  1
0[0.9996]  1[0.0004]  0
0[1.0000]  1[0.0000]  0
