0[0.1410]  1[0.8590]  1
0[0.1650]  1[0.8350]  1
0[0.9761]  1[0.0239]  0
0[0.9999]  1[0.0001]  0
0[0.9999]  1[0.0001]  0
0[0.0196]  1[0.9804]  1
0[0.9999]  1[0.0001]  0
0[1.0000]  1[0.0000]  0
0[0.0073]  1[0.9927]  1
0[0.0310]  1[0.9690]  1
0[1.0000]  1[0.0000]  0
0[1.0000]  1[0.0000]  0
0[0.9629]  1[0.0371]  0
0[0.9997]  1[0.0003]  0
0[0.4121]  1[0.5879]  1
0[0.9999]  1[0.0001]  0
0[0.9996]  1[0.0004]  0
0[0.9999]  1[0.0001]  0
0[1.0000]  1[0.0000]  0
0[0.9999]  1[0.0001]  0
0[0.9997]  1[0.0003]  0
0[0.9996]  1[0.0004]  0
0[1.0000]  1[0.0000]  0
0[0.9945]  1[0.0055]  0
0[0.0001]  1[0.9999]  1
0[0.0593]  1[0.9407]  1
0[0.4084]  1[0.5916]  1
0[0.9973]  1[0.0027]  0
0[0.0031]  1[0.9969]  1
0[0.9999]  1[0.0001]  0
0[0.9986]  1[0.0014]  0
0[0.0002]  1[0.9998]  1
0[0.9982]  1[0.0018]  0
0[0.1117]  1[0.8883]  1
0[0.9949]  1[0.0051]  0
0[0.0161]  1[0.9839]  1
0[0.0233]  1[0.9767]  1
0[1.0000]  1[0.0000]  0
0[0.3898]  1[0.6102]  1
0[0.0081]  1[0.9919]  1
0[0.9875]  1[0.0125]  0
0[1.0000]  1[0.0000]  0
0[0.0107]  1[0.9893]  1
0[0.0207]  1[0.9793]  1
0[0.9999]  1[0.0001]  0
0[0.0000]  1[1.0000]  1
0[0.9987]  1[0.0013]  0
0[0.9999]  1[0.0001]  0
0[0.9989]  1[0.0011]  0
0[0.9961]  1[0.0039]  0
0[1.0000]  1[0.0000]  0
0[0.0004]  1[0.9996]  1
0[0.9959]  1[0.0041]  0
0[0.9960]  1[0.0040]  0
0[0.9946]  1[0.0054]  0
0[0.9952]  1[0.0048]  0
0[0.0795]  1[0.9205]  1
0[0.0327]  1[0.9673]  1
0[0.0327]  1[0.9673]  1
0[0.0538]  1[0.9462]  1
0[1.0000]  1[0.0000]  0
0[0.9996]  1[0.0004]  0
0[1.0000]  1[0.0000]  0
0[0.0000]  1[1.0000]  1
0[0.1101]  1[0.8899]  1
0[0.9982]  1[0.0018]  0
0[0.9965]  1[0.0035]  0
0[0.9982]  1[0.0018]  0
0[1.0000]  1[0.0000]  0
0[1.0000]  1[0.0000]  0
0[0.9032]  1[0.0968]  0
0[0.9986]  1[0.0014]  0
0[0.0094]  1[0.9906]  1
0[0.0489]  1[0.9511]  1
