0[1.0000]  1[0.0000]  0
0[0.0107]  1[0.9893]  1
0[0.9996]  1[0.0004]  0
0[0.2866]  1[0.7134]  1
0[0.0378]  1[0.9622]  1
0[1.0000]  1[0.0000]  0
0[0.1329]  1[0.8671]  1
0[0.0040]  1[0.9960]  1
0[0.0204]  1[0.9796]  1
0[0.9995]  1[0.0005]  0
0[1.0000]  1[0.0000]  0
0[0.0843]  1[0.9157]  1
0[0.2142]  1[0.7858]  1
0[0.0106]  1[0.9894]  1
0[0.0001]  1[0.9999]  1
0[1.0000]  1[0.0000]  0
0[0.9955]  1[0.0045]  0
0[0.9989]  1[0.0011]  0
0[0.9995]  1[0.0005]  0
0[0.0230]  1[0.9770]  1
0[0.9996]  1[0.0004]  0
0[0.0008]  1[0.9992]  1
0[0.0003]  1[0.9997]  1
0[0.1252]  1[0.8748]  1
0[0.0055]  1[0.9945]  1
0[0.3693]  1[0.6307]  1
0[0.0265]  1[0.9735]  1
0[0.0002]  1[0.9998]  1
0[1.0000]  1[0.0000]  0
0[1.0000]  1[0.0000]  0
0[0.0089]  1[0.9911]  1
0[0.3126]  1[0.6874]  1
0[0.0279]  1[0.9721]  1
0[0.0255]  1[0.9745]  1
0[0.6053]  1[0.3947]  0
0[0.0051]  1[0.9949]  1
0[0.9985]  1[0.0015]  0
0[0.9999]  1[0.0001]  0
0[0.0126]  1[0.9874]  1
0[1.0000]  1[0.0000]  0
0[0.9998]  1[0.0002]  0
