0[0.0325]  1[0.9675]  1
0[1.0000]  1[0.0000]  0
0[0.9999]  1[0.0001]  0
0[1.0000]  1[0.0000]  0
0[0.9999]  1[0.0001]  0
0[0.0001]  1[0.9999]  1
0[0.9998]  1[0.0002]  0
0[1.0000]  1[0.0000]  0
0[0.9925]  1[0.0075]  0
0[0.0049]  1[0.9951]  1
0[0.9891]  1[0.0109]  0
0[0.0413]  1[0.9587]  1
0[0.9960]  1[0.0040]  0
0[0.0000]  1[1.0000]  1
0[0.7191]  1[0.2809]  0
0[0.9985]  1[0.0015]  0
0[0.6567]  1[0.3433]  0
0[0.0057]  1[0.9943]  1
0[0.1915]  1[0.8085]  1
0[0.1651]  1[0.8349]  1
0[0.9988]  1[0.0012]  0
0[0.9962]  1[0.0038]  0
0[0.9963]  1[0.0037]  0
0[1.0000]  1[0.0000]  0
0[0.0255]  1[0.9745]  1
0[0.8243]  1[0.1757]  0
0[1.0000]  1[0.0000]  0
0[0.0139]  1[0.9861]  1
0[0.9985]  1[0.0015]  0
0[0.9995]  1[0.0005]  0
0[0.9984]  1[0.0016]  0
0[0.0128]  1[0.9872]  1
0[0.9978]  1[0.0022]  0
0[0.9999]  1[0.0001]  0
0[0.3554]  1[0.6446]  1
0[0.9482]  1[0.0518]  0
0[0.9999]  1[0.0001]  0
0[0.9995]  1[0.0005]  0
0[1.0000]  1[0.0000]  0
0[1.0000]  1[0.0000]  0
0[0.9999]  1[0.0001]  0
0[0.9999]  1[0.0001]  0
0[0.7953]  1[0.2047]  0
0[0.9985]  1[0.0015]  0
0[0.9999]  1[0.0001]  0
0[1.0000]  1[0.0000]  0
0[0.9974]  1[0.0026]  0
