0[0.0088]  1[0.9912]  1
0[1.0000]  1[0.0000]  0
0[0.9998]  1[0.0002]  0
0[0.9976]  1[0.0024]  0
0[0.9828]  1[0.0172]  0
0[1.0000]  1[0.0000]  0
0[0.9999]  1[0.0001]  0
0[0.9999]  1[0.0001]  0
0[0.0024]  1[0.9976]  1
0[0.9904]  1[0.0096]  0
0[0.9996]  1[0.0004]  0
0[0.9953]  1[0.0047]  0
0[0.9999]  1[0.0001]  0
0[0.9999]  1[0.0001]  0
0[0.0009]  1[0.9991]  1
0[0.9978]  1[0.0022]  0
0[0.9995]  1[0.0005]  0
0[0.0073]  1[0.9927]  1
0[0.3402]  1[0.6598]  1
0[1.0000]  1[0.0000]  0
0[1.0000]  1[0.0000]  0
0[0.9974]  1[0.0026]  0
0[0.0003]  1[0.9997]  1
0[0.9980]  1[0.0020]  0
0[0.0050]  1[0.9950]  1
0[0.0874]  1[0.9126]  1
0[0.9923]  1[0.0077]  0
0[0.9989]  1[0.0011]  0
0[0.9971]  1[0.0029]  0
0[0.0015]  1[0.9985]  1
0[1.0000]  1[0.0000]  0
0[1.0000]  1[0.0000]  0
0[0.9999]  1[0.0001]  0
0[1.0000]  1[0.0000]  0
0[0.0289]  1[0.9711]  1
0[0.9996]  1[0.0004]  0
0[0.0038]  1[0.9962]  1
0[0.9791]  1[0.0209]  0
0[0.0002]  1[0.9998]  1
0[0.9812]  1[0.0188]  0
0[0.0203]  1[0.9797]  1
0[0.0473]  1[0.9527]  1
0[0.1054]  1[0.8946]  1
0[0.0170]  1[0.9830]  1
0[0.0059]  1[0.9941]  1
0[0.0234]  1[0.9766]  1
0[0.0336]  1[0.9664]  1
