0[1.0000]  1[0.0000]  0
0[0.0629]  1[0.9371]  1
0[1.0000]  1[0.0000]  0
0[1.0000]  1[0.0000]  0
0[1.0000]  1[0.0000]  0
0[1.0000]  1[0.0000]  0
0[1.0000]  1[0.0000]  0
0[0.9999]  1[0.0001]  0
0[1.0000]  1[0.0000]  0
0[0.9585]  1[0.0415]  0
0[1.0000]  1[0.0000]  0
0[1.0000]  1[0.0000]  0
0[1.0000]  1[0.0000]  0
0[1.0000]  1[0.0000]  0
0[1.0000]  1[0.0000]  0
0[0.0647]  1[0.9353]  1
0[1.0000]  1[0.0000]  0
0[0.0003]  1[0.9997]  1
0[0.7441]  1[0.2559]  0
0[0.9996]  1[0.0004]  0
0[0.0107]  1[0.9893]  1
0[1.0000]  1[0.0000]  0
0[1.0000]  1[0.0000]  0
0[0.9944]  1[0.0056]  0
